<?xml version="1.0" encoding="UTF-8"?>
<!-- Generated by org.testng.reporters.JUnitReportReporter -->
<testsuite skipped="0" hostname="LAPTOP-PARLDPCA" name="com.tt.testrunner.TestNGTestRunner$TestRunner" tests="2" failures="0" timestamp="01 Jan 2018 22:31:09 GMT" time="16.644" errors="0">
  <testcase name="feature" time="6.852" classname="com.tt.testrunner.TestNGTestRunner$TestRunner"/>
  <testcase name="feature" time="9.792" classname="com.tt.testrunner.TestNGTestRunner$TestRunner"/>
</testsuite> <!-- com.tt.testrunner.TestNGTestRunner$TestRunner -->
