<?xml version="1.0" encoding="UTF-8"?>
<!-- Generated by org.testng.reporters.JUnitReportReporter -->
<testsuite skipped="0" hostname="LAPTOP-PARLDPCA" name="com.tt.testrunner.TestNGTest" tests="1" failures="0" timestamp="18 Dec 2017 22:43:16 GMT" time="0.000" errors="0">
  <testcase name="feature" time="0.000" classname="com.tt.testrunner.TestNGTest"/>
</testsuite> <!-- com.tt.testrunner.TestNGTest -->
